<?xml version="1.0" encoding="UTF-8"?>
<!-- Generated by org.testng.reporters.JUnitXMLReporter -->
<testsuite ignored="0" hostname="IBM-PF367LWG" failures="0" tests="3" name="Test" time="0.12" errors="0" timestamp="2022-11-04T12:46:31 IST">
  <testcase classname="first_Selenium_Program.TestNG_Methods" name="printName" time="0.011"/>
  <testcase classname="first_Selenium_Program.First_NG_Program" name="printName" time="0.003"/>
  <testcase classname="first_Selenium_Program.First_NG_Program" name="printName2" time="0.004"/>
</testsuite> <!-- Test -->
